[debug] [2023-06-24T21:51:20.753Z] ----------------------------------------------------------------------
[debug] [2023-06-24T21:51:20.754Z] Command:       C:\Program Files\nodejs\node.exe C:\Users\HP\AppData\Roaming\npm\node_modules\firebase-tools\lib\bin\firebase.js init
[debug] [2023-06-24T21:51:20.755Z] CLI Version:   12.4.0
[debug] [2023-06-24T21:51:20.755Z] Platform:      win32
[debug] [2023-06-24T21:51:20.755Z] Node Version:  v18.16.0
[debug] [2023-06-24T21:51:20.756Z] Time:          Sun Jun 25 2023 01:51:20 GMT+0400 (Gulf Standard Time)
[debug] [2023-06-24T21:51:20.756Z] ----------------------------------------------------------------------
[debug] 
[debug] [2023-06-24T21:51:20.763Z] > command requires scopes: ["email","openid","https://www.googleapis.com/auth/cloudplatformprojects.readonly","https://www.googleapis.com/auth/firebase","https://www.googleapis.com/auth/cloud-platform"]
[debug] [2023-06-24T21:51:20.763Z] > authorizing via signed-in user (hudatareksl@gmail.com)
[info] 
     ######## #### ########  ######## ########     ###     ######  ########
     ##        ##  ##     ## ##       ##     ##  ##   ##  ##       ##
     ######    ##  ########  ######   ########  #########  ######  ######
     ##        ##  ##    ##  ##       ##     ## ##     ##       ## ##
     ##       #### ##     ## ######## ########  ##     ##  ######  ########

You're about to initialize a Firebase project in this directory:

  C:\Users\HP\Desktop\ZOOMCLONE

[info] 
=== Project Setup
[info] 
[info] First, let's associate this project directory with a Firebase project.
[info] You can create multiple project aliases by running firebase use --add, 
[info] but for now we'll just set up a default project.
[info] 
